[debug] [2023-01-13T13:06:55.833Z] ----------------------------------------------------------------------
[debug] [2023-01-13T13:06:55.837Z] Command:       C:\Program Files\nodejs\node.exe C:\Users\Mariana\AppData\Roaming\npm\node_modules\firebase-tools\lib\bin\firebase.js init
[debug] [2023-01-13T13:06:55.838Z] CLI Version:   11.20.0
[debug] [2023-01-13T13:06:55.838Z] Platform:      win32
[debug] [2023-01-13T13:06:55.838Z] Node Version:  v18.12.1
[debug] [2023-01-13T13:06:55.840Z] Time:          Fri Jan 13 2023 10:06:55 GMT-0300 (hora estándar de Argentina)
[debug] [2023-01-13T13:06:55.840Z] ----------------------------------------------------------------------
[debug] 
[debug] [2023-01-13T13:06:56.010Z] > command requires scopes: ["email","openid","https://www.googleapis.com/auth/cloudplatformprojects.readonly","https://www.googleapis.com/auth/firebase","https://www.googleapis.com/auth/cloud-platform"]
[debug] [2023-01-13T13:06:56.011Z] > authorizing via signed-in user (meliz1987@gmail.com)
[info] 
     ######## #### ########  ######## ########     ###     ######  ########
     ##        ##  ##     ## ##       ##     ##  ##   ##  ##       ##
     ######    ##  ########  ######   ########  #########  ######  ######
     ##        ##  ##    ##  ##       ##     ## ##     ##       ## ##
     ##       #### ##     ## ######## ########  ##     ##  ######  ########

You're about to initialize a Firebase project in this directory:

  C:\Project\portfolio-FrontEnd\frontend

Before we get started, keep in mind:

  * You are currently outside your home directory
  * You are initializing within an existing Firebase project directory

[info] 
=== Project Setup
[info] 
[info] First, let's associate this project directory with a Firebase project.
[info] You can create multiple project aliases by running firebase use --add, 
[info] but for now we'll just set up a default project.
[info] 
[debug] [2023-01-13T13:07:35.855Z] >>> [apiv2][query] GET https://firebase.googleapis.com/v1beta1/projects pageSize=100
[debug] [2023-01-13T13:07:36.740Z] <<< [apiv2][status] GET https://firebase.googleapis.com/v1beta1/projects 200
[debug] [2023-01-13T13:07:36.740Z] <<< [apiv2][body] GET https://firebase.googleapis.com/v1beta1/projects [omitted]
[info] i  Using project pweb-290bc (pweb) 
[info] 
=== Storage Setup
[info] 
[info] Firebase Storage Security Rules allow you to define how and when to allow
[info] uploads and downloads. You can keep these rules in your project directory
[info] and publish them with firebase deploy.
[info] 
